customtabs/build/outputs/logs/manifest-merger-debug-report.txt
-- Merging decision tree log ---
manifest
ADDED from kalmsuApp2\customtabs\AndroidManifest.xml:16:1-20:12
INJECTED from kalmsuApp2\customtabs\AndroidManifest.xml:16:1-20:12
INJECTED from kalmsuApp2\customtabs\AndroidManifest.xml:16:1-20:12
	package
		ADDED from kalmsuApp2\customtabs\AndroidManifest.xml:17:11-47
		INJECTED from kalmsuApp2\customtabs\AndroidManifest.xml
		INJECTED from kalmsuApp2\customtabs\AndroidManifest.xml
	xmlns:android
		ADDED from kalmsuApp2\customtabs\AndroidManifest.xml:16:11-69
uses-sdk
ADDED from kalmsuApp2\customtabs\AndroidManifest.xml:18:5-43
	android:minSdkVersion
		ADDED from kalmsuApp2\customtabs\AndroidManifest.xml:18:15-41
application
ADDED from kalmsuApp2\customtabs\AndroidManifest.xml:19:5-20